2024-12-02 19:13:41,131 - SUMMARY - Reshuffling self._shoe. Dealt: 80/104 cards. 
                               Total hands played: 98764. Bankroll: -2607.0
2024-12-02 19:13:41,132 - SUMMARY - Reshuffling self._shoe. Dealt: 86/104 cards. 
                               Total hands played: 98780. Bankroll: -2605.5
2024-12-02 19:13:41,133 - SUMMARY - Reshuffling self._shoe. Dealt: 81/104 cards. 
                               Total hands played: 98795. Bankroll: -2605.0
2024-12-02 19:13:41,133 - SUMMARY - Reshuffling self._shoe. Dealt: 82/104 cards. 
                               Total hands played: 98810. Bankroll: -2609.5
2024-12-02 19:13:41,134 - SUMMARY - Reshuffling self._shoe. Dealt: 83/104 cards. 
                               Total hands played: 98826. Bankroll: -2612.5
2024-12-02 19:13:41,134 - SUMMARY - Reshuffling self._shoe. Dealt: 80/104 cards. 
                               Total hands played: 98841. Bankroll: -2606.5
2024-12-02 19:13:41,135 - SUMMARY - Reshuffling self._shoe. Dealt: 81/104 cards. 
                               Total hands played: 98856. Bankroll: -2610.0
2024-12-02 19:13:41,136 - SUMMARY - Reshuffling self._shoe. Dealt: 83/104 cards. 
                               Total hands played: 98873. Bankroll: -2611.0
2024-12-02 19:13:41,136 - SUMMARY - Reshuffling self._shoe. Dealt: 83/104 cards. 
                               Total hands played: 98888. Bankroll: -2609.0
2024-12-02 19:13:41,137 - SUMMARY - Reshuffling self._shoe. Dealt: 81/104 cards. 
                               Total hands played: 98905. Bankroll: -2609.5
2024-12-02 19:13:41,137 - SUMMARY - Reshuffling self._shoe. Dealt: 80/104 cards. 
                               Total hands played: 98920. Bankroll: -2605.0
2024-12-02 19:13:41,138 - SUMMARY - Reshuffling self._shoe. Dealt: 82/104 cards. 
                               Total hands played: 98935. Bankroll: -2608.0
2024-12-02 19:13:41,138 - SUMMARY - Reshuffling self._shoe. Dealt: 84/104 cards. 
                               Total hands played: 98951. Bankroll: -2605.5
2024-12-02 19:13:41,139 - SUMMARY - Reshuffling self._shoe. Dealt: 80/104 cards. 
                               Total hands played: 98966. Bankroll: -2610.0
2024-12-02 19:13:41,140 - SUMMARY - Reshuffling self._shoe. Dealt: 85/104 cards. 
                               Total hands played: 98982. Bankroll: -2613.0
2024-12-02 19:13:41,140 - SUMMARY - Reshuffling self._shoe. Dealt: 85/104 cards. 
                               Total hands played: 98998. Bankroll: -2606.0
2024-12-02 19:13:41,141 - SUMMARY - Reshuffling self._shoe. Dealt: 83/104 cards. 
                               Total hands played: 99013. Bankroll: -2608.5
2024-12-02 19:13:41,141 - SUMMARY - Reshuffling self._shoe. Dealt: 82/104 cards. 
                               Total hands played: 99029. Bankroll: -2612.0
2024-12-02 19:13:41,142 - SUMMARY - Reshuffling self._shoe. Dealt: 84/104 cards. 
                               Total hands played: 99045. Bankroll: -2619.5
2024-12-02 19:13:41,142 - SUMMARY - Reshuffling self._shoe. Dealt: 85/104 cards. 
                               Total hands played: 99060. Bankroll: -2615.0
2024-12-02 19:13:41,143 - SUMMARY - Reshuffling self._shoe. Dealt: 84/104 cards. 
                               Total hands played: 99076. Bankroll: -2617.0
2024-12-02 19:13:41,143 - SUMMARY - Reshuffling self._shoe. Dealt: 86/104 cards. 
                               Total hands played: 99093. Bankroll: -2614.0
2024-12-02 19:13:41,144 - SUMMARY - Reshuffling self._shoe. Dealt: 84/104 cards. 
                               Total hands played: 99109. Bankroll: -2618.5
2024-12-02 19:13:41,145 - SUMMARY - Reshuffling self._shoe. Dealt: 80/104 cards. 
                               Total hands played: 99124. Bankroll: -2618.0
2024-12-02 19:13:41,145 - SUMMARY - Reshuffling self._shoe. Dealt: 82/104 cards. 
                               Total hands played: 99139. Bankroll: -2622.0
2024-12-02 19:13:41,146 - SUMMARY - Reshuffling self._shoe. Dealt: 82/104 cards. 
                               Total hands played: 99155. Bankroll: -2625.5
2024-12-02 19:13:41,146 - SUMMARY - Reshuffling self._shoe. Dealt: 81/104 cards. 
                               Total hands played: 99170. Bankroll: -2623.5
2024-12-02 19:13:41,147 - SUMMARY - Reshuffling self._shoe. Dealt: 84/104 cards. 
                               Total hands played: 99185. Bankroll: -2619.0
2024-12-02 19:13:41,147 - SUMMARY - Reshuffling self._shoe. Dealt: 80/104 cards. 
                               Total hands played: 99200. Bankroll: -2623.0
2024-12-02 19:13:41,148 - SUMMARY - Reshuffling self._shoe. Dealt: 85/104 cards. 
                               Total hands played: 99217. Bankroll: -2621.0
2024-12-02 19:13:41,149 - SUMMARY - Reshuffling self._shoe. Dealt: 81/104 cards. 
                               Total hands played: 99232. Bankroll: -2626.0
2024-12-02 19:13:41,149 - SUMMARY - Reshuffling self._shoe. Dealt: 85/104 cards. 
                               Total hands played: 99247. Bankroll: -2627.0
2024-12-02 19:13:41,150 - SUMMARY - Reshuffling self._shoe. Dealt: 80/104 cards. 
                               Total hands played: 99262. Bankroll: -2628.5
2024-12-02 19:13:41,150 - SUMMARY - Reshuffling self._shoe. Dealt: 83/104 cards. 
                               Total hands played: 99278. Bankroll: -2627.0
2024-12-02 19:13:41,151 - SUMMARY - Reshuffling self._shoe. Dealt: 80/104 cards. 
                               Total hands played: 99293. Bankroll: -2631.5
2024-12-02 19:13:41,151 - SUMMARY - Reshuffling self._shoe. Dealt: 81/104 cards. 
                               Total hands played: 99308. Bankroll: -2634.0
2024-12-02 19:13:41,152 - SUMMARY - Reshuffling self._shoe. Dealt: 82/104 cards. 
                               Total hands played: 99322. Bankroll: -2637.0
2024-12-02 19:13:41,153 - SUMMARY - Reshuffling self._shoe. Dealt: 87/104 cards. 
                               Total hands played: 99339. Bankroll: -2641.0
2024-12-02 19:13:41,153 - SUMMARY - Reshuffling self._shoe. Dealt: 84/104 cards. 
                               Total hands played: 99354. Bankroll: -2643.0
2024-12-02 19:13:41,154 - SUMMARY - Reshuffling self._shoe. Dealt: 81/104 cards. 
                               Total hands played: 99370. Bankroll: -2637.5
2024-12-02 19:13:41,154 - SUMMARY - Reshuffling self._shoe. Dealt: 84/104 cards. 
                               Total hands played: 99385. Bankroll: -2638.5
2024-12-02 19:13:41,155 - SUMMARY - Reshuffling self._shoe. Dealt: 81/104 cards. 
                               Total hands played: 99402. Bankroll: -2645.5
2024-12-02 19:13:41,155 - SUMMARY - Reshuffling self._shoe. Dealt: 83/104 cards. 
                               Total hands played: 99417. Bankroll: -2649.5
2024-12-02 19:13:41,156 - SUMMARY - Reshuffling self._shoe. Dealt: 82/104 cards. 
                               Total hands played: 99432. Bankroll: -2647.5
2024-12-02 19:13:41,157 - SUMMARY - Reshuffling self._shoe. Dealt: 83/104 cards. 
                               Total hands played: 99448. Bankroll: -2661.5
2024-12-02 19:13:41,157 - SUMMARY - Reshuffling self._shoe. Dealt: 80/104 cards. 
                               Total hands played: 99463. Bankroll: -2666.0
2024-12-02 19:13:41,158 - SUMMARY - Reshuffling self._shoe. Dealt: 84/104 cards. 
                               Total hands played: 99478. Bankroll: -2667.0
2024-12-02 19:13:41,158 - SUMMARY - Reshuffling self._shoe. Dealt: 80/104 cards. 
                               Total hands played: 99493. Bankroll: -2658.5
2024-12-02 19:13:41,159 - SUMMARY - Reshuffling self._shoe. Dealt: 85/104 cards. 
                               Total hands played: 99510. Bankroll: -2656.5
2024-12-02 19:13:41,159 - SUMMARY - Reshuffling self._shoe. Dealt: 83/104 cards. 
                               Total hands played: 99525. Bankroll: -2662.5
2024-12-02 19:13:41,160 - SUMMARY - Reshuffling self._shoe. Dealt: 80/104 cards. 
                               Total hands played: 99540. Bankroll: -2668.5
2024-12-02 19:13:41,161 - SUMMARY - Reshuffling self._shoe. Dealt: 84/104 cards. 
                               Total hands played: 99556. Bankroll: -2671.0
2024-12-02 19:13:41,161 - SUMMARY - Reshuffling self._shoe. Dealt: 84/104 cards. 
                               Total hands played: 99572. Bankroll: -2667.5
2024-12-02 19:13:41,162 - SUMMARY - Reshuffling self._shoe. Dealt: 83/104 cards. 
                               Total hands played: 99588. Bankroll: -2667.5
2024-12-02 19:13:41,162 - SUMMARY - Reshuffling self._shoe. Dealt: 85/104 cards. 
                               Total hands played: 99604. Bankroll: -2669.5
2024-12-02 19:13:41,163 - SUMMARY - Reshuffling self._shoe. Dealt: 81/104 cards. 
                               Total hands played: 99619. Bankroll: -2672.0
2024-12-02 19:13:41,163 - SUMMARY - Reshuffling self._shoe. Dealt: 81/104 cards. 
                               Total hands played: 99634. Bankroll: -2668.5
2024-12-02 19:13:41,164 - SUMMARY - Reshuffling self._shoe. Dealt: 84/104 cards. 
                               Total hands played: 99650. Bankroll: -2663.5
2024-12-02 19:13:41,165 - SUMMARY - Reshuffling self._shoe. Dealt: 83/104 cards. 
                               Total hands played: 99665. Bankroll: -2666.5
2024-12-02 19:13:41,165 - SUMMARY - Reshuffling self._shoe. Dealt: 82/104 cards. 
                               Total hands played: 99681. Bankroll: -2669.5
2024-12-02 19:13:41,166 - SUMMARY - Reshuffling self._shoe. Dealt: 81/104 cards. 
                               Total hands played: 99696. Bankroll: -2667.0
2024-12-02 19:13:41,166 - SUMMARY - Reshuffling self._shoe. Dealt: 80/104 cards. 
                               Total hands played: 99711. Bankroll: -2672.5
2024-12-02 19:13:41,167 - SUMMARY - Reshuffling self._shoe. Dealt: 86/104 cards. 
                               Total hands played: 99727. Bankroll: -2682.0
2024-12-02 19:13:41,167 - SUMMARY - Reshuffling self._shoe. Dealt: 84/104 cards. 
                               Total hands played: 99743. Bankroll: -2678.0
2024-12-02 19:13:41,168 - SUMMARY - Reshuffling self._shoe. Dealt: 80/104 cards. 
                               Total hands played: 99758. Bankroll: -2680.0
2024-12-02 19:13:41,169 - SUMMARY - Reshuffling self._shoe. Dealt: 84/104 cards. 
                               Total hands played: 99773. Bankroll: -2680.5
2024-12-02 19:13:41,169 - SUMMARY - Reshuffling self._shoe. Dealt: 82/104 cards. 
                               Total hands played: 99789. Bankroll: -2684.0
2024-12-02 19:13:41,170 - SUMMARY - Reshuffling self._shoe. Dealt: 80/104 cards. 
                               Total hands played: 99805. Bankroll: -2681.0
2024-12-02 19:13:41,170 - SUMMARY - Reshuffling self._shoe. Dealt: 84/104 cards. 
                               Total hands played: 99821. Bankroll: -2677.0
2024-12-02 19:13:41,171 - SUMMARY - Reshuffling self._shoe. Dealt: 82/104 cards. 
                               Total hands played: 99838. Bankroll: -2684.5
2024-12-02 19:13:41,171 - SUMMARY - Reshuffling self._shoe. Dealt: 81/104 cards. 
                               Total hands played: 99852. Bankroll: -2677.0
2024-12-02 19:13:41,172 - SUMMARY - Reshuffling self._shoe. Dealt: 85/104 cards. 
                               Total hands played: 99868. Bankroll: -2671.0
2024-12-02 19:13:41,172 - SUMMARY - Reshuffling self._shoe. Dealt: 81/104 cards. 
                               Total hands played: 99885. Bankroll: -2676.5
2024-12-02 19:13:41,173 - SUMMARY - Reshuffling self._shoe. Dealt: 80/104 cards. 
                               Total hands played: 99901. Bankroll: -2678.0
2024-12-02 19:13:41,174 - SUMMARY - Reshuffling self._shoe. Dealt: 80/104 cards. 
                               Total hands played: 99916. Bankroll: -2678.0
2024-12-02 19:13:41,174 - SUMMARY - Reshuffling self._shoe. Dealt: 81/104 cards. 
                               Total hands played: 99931. Bankroll: -2687.0
2024-12-02 19:13:41,175 - SUMMARY - Reshuffling self._shoe. Dealt: 80/104 cards. 
                               Total hands played: 99946. Bankroll: -2685.5
2024-12-02 19:13:41,175 - SUMMARY - Reshuffling self._shoe. Dealt: 82/104 cards. 
                               Total hands played: 99961. Bankroll: -2687.5
2024-12-02 19:13:41,176 - SUMMARY - Reshuffling self._shoe. Dealt: 82/104 cards. 
                               Total hands played: 99976. Bankroll: -2680.0
2024-12-02 19:13:41,176 - SUMMARY - Reshuffling self._shoe. Dealt: 80/104 cards. 
                               Total hands played: 99991. Bankroll: -2682.0
2024-12-02 19:13:41,177 - SUMMARY - END OF GAME ANALYSIS 

2024-12-02 19:13:41,177 - SUMMARY - 
2024-12-02 19:13:41,177 - SUMMARY - HAND STATISTICS BY ACE, CARD vs DEALER UP CARD
2024-12-02 19:13:41,177 - SUMMARY -      |       2        |       3        |       4        |       5        |       6        |       7        |       8        |       9        |       10       |       11      
2024-12-02 19:13:41,177 - SUMMARY -      | # Hands    PNL | # Hands    PNL | # Hands    PNL | # Hands    PNL | # Hands    PNL | # Hands    PNL | # Hands    PNL | # Hands    PNL | # Hands    PNL | # Hands    PNL
2024-12-02 19:13:41,177 - SUMMARY - -----|----------------|----------------|----------------|----------------|----------------|----------------|----------------|----------------|----------------|----------------
2024-12-02 19:13:41,177 - SUMMARY - A,1: |       0      0 |       0      0 |       0      0 |       0      0 |       0      0 |       0      0 |       0      0 |       0      0 |       9     -7 |       9     -9
2024-12-02 19:13:41,177 - SUMMARY - A,2: |      94      3 |      97      3 |     101     16 |     106     28 |     104      8 |     119     31 |     110     -1 |     104     -6 |     380    -77 |      68    -24
2024-12-02 19:13:41,177 - SUMMARY - A,3: |     122      1 |      74      4 |      90      5 |      96     22 |      88     24 |      97      2 |     106     -7 |     102    -11 |     373    -81 |      78    -23
2024-12-02 19:13:41,177 - SUMMARY - A,4: |     109     -4 |     122      0 |      94     18 |      94     44 |      90     30 |      97     15 |      84     -2 |     101    -28 |     373  164.0 |      77    -33
2024-12-02 19:13:41,177 - SUMMARY - A,5: |      83     -3 |      95      4 |     114     24 |      95      4 |      99     38 |      93     -9 |      89      4 |     101   50.5 |     370  146.0 |      82    6.5
2024-12-02 19:13:41,177 - SUMMARY - A,6: |     116    -14 |     113     10 |     104     12 |     106    -12 |      85    -12 |      95     11 |      95     -5 |     110    -15 |     377    -96 |      73    -22
2024-12-02 19:13:41,177 - SUMMARY - A,7: |     113     14 |     116     16 |      99     44 |     105     30 |      89     60 |      97     41 |      97     14 |     104    -20 |     419   -121 |      98    -28
2024-12-02 19:13:41,177 - SUMMARY - A,8: |     116     46 |      99     34 |      97     35 |      87     27 |     105     80 |     100     57 |     100     49 |      97     36 |     409    -15 |      85    -14
2024-12-02 19:13:41,177 - SUMMARY - A,9: |     109     85 |      97     73 |      97     61 |      78     56 |     120     85 |     117     94 |     100     76 |      78     50 |     448    213 |      69     16
2024-12-02 19:13:41,177 - SUMMARY - A,10: |     376  544.0 |     399  580.5 |     384  558.5 |     391  573.0 |     438  634.5 |     409  596.0 |     414  604.0 |     390  572.0 |    1506 2058.5 |     331  344.0
2024-12-02 19:13:41,177 - SUMMARY - 
2024-12-02 19:13:41,177 - SUMMARY - HAND STATISTICS BY PAIR TOTAL vs DEALER UP CARD
2024-12-02 19:13:41,177 - SUMMARY -      |      2        |      3        |      4        |      5        |      6        |      7        |      8        |      9        |      10       |      11      
2024-12-02 19:13:41,177 - SUMMARY -      | # Hands   PNL | # Hands   PNL | # Hands   PNL | # Hands   PNL | # Hands   PNL | # Hands   PNL | # Hands   PNL | # Hands   PNL | # Hands   PNL | # Hands   PNL
2024-12-02 19:13:41,177 - SUMMARY - -----|---------------|---------------|---------------|---------------|---------------|---------------|---------------|---------------|---------------|---------------
2024-12-02 19:13:41,177 - SUMMARY -   4: |       0     0 |       0     0 |       0     0 |       0     0 |       1     1 |       0     0 |      36    -3 |      36    -8 |     169   -73 |      43   -24
2024-12-02 19:13:41,177 - SUMMARY -   5: |     101    15 |     101    -8 |      96   -16 |     106    11 |     118     0 |     115   -17 |     104   -33 |      94   -24 |     392  -162 |      93   -65
2024-12-02 19:13:41,177 - SUMMARY -   6: |      86   -27 |      98    -9 |      74   -18 |      87    -1 |     132    27 |     122    -9 |     133   -33 |     142   -26 |     527  -201 |     122   -48
2024-12-02 19:13:41,177 - SUMMARY -   7: |     185   -23 |     173    -4 |     169    -6 |     193    19 |     186    -1 |     192   -23 |     164   -44 |     184   -51 |     746  -299 |     178   -94
2024-12-02 19:13:41,177 - SUMMARY -   8: |     225     9 |     216     8 |     232    15 |     204    36 |     196     7 |     226    44 |     246   -25 |     210   -72 |     903  -282 |     231   -93
2024-12-02 19:13:41,177 - SUMMARY -   9: |     290    21 |     290    22 |     272    86 |     311    64 |     277   158 |     259    58 |     283    44 |     310   -10 |    1082  -228 |     278   -92
2024-12-02 19:13:41,177 - SUMMARY -  10: |     321   118 |     319   168 |     355   238 |     357   234 |     346   210 |     316   142 |     297    84 |     331    30 |    1295   -90 |     307  -109
2024-12-02 19:13:41,177 - SUMMARY -  11: |     432   224 |     405   250 |     400   264 |     412   274 |     433   374 |     372   222 |     368   150 |     356    74 |    1573   124 |     365   -18
2024-12-02 19:13:41,177 - SUMMARY -  12: |     618  -142 |     675  -153 |     689  -123 |     695  -109 |     722  -118 |     733  -182 |     685  -209 |     667  -203 |    2824 -1233 |     684  -364
2024-12-02 19:13:41,177 - SUMMARY -  13: |     708  -256 |     631  -155 |     685  -155 |     706  -158 |     673  -101 |     675  -178 |     613  -200 |     621  -228 |    2542 -1134 |     618  -353
2024-12-02 19:13:41,178 - SUMMARY -  14: |     562  -194 |     576  -208 |     490   -66 |     646  -136 |     583   -69 |     592  -190 |     605  -246 |     568  -227 |    2400 -1218 |     563  -354
2024-12-02 19:13:41,178 - SUMMARY -  15: |     543  -173 |     588  -166 |     588  -134 |     536  -102 |     547   -65 |     546  -195 |     585  -253 |     518  -271 |    2161 803.0 |     522  -305
2024-12-02 19:13:41,178 - SUMMARY -  16: |     541  -185 |     492  -136 |     498   -72 |     501   -95 |     465   -93 |     431  -182 |     461  -206 |     462 231.0 |    1814 671.5 |     476  43.0
2024-12-02 19:13:41,178 - SUMMARY -  17: |     501   -68 |     507   -76 |     519   -39 |     530   -11 |     482   -13 |     437   -71 |     465  -214 |     456  -198 |    1801  -864 |     462  -289
2024-12-02 19:13:41,178 - SUMMARY -  18: |     389    14 |     403    71 |     423    98 |     409    82 |     390   104 |     440   177 |     327    15 |     384   -28 |    1458  -267 |     432  -125
2024-12-02 19:13:41,178 - SUMMARY -  19: |     393   163 |     364   169 |     422   199 |     389   180 |     425   193 |     347   197 |     351   223 |     334    86 |    1516   -24 |     357   -63
2024-12-02 19:13:41,178 - SUMMARY -  20: |     712   471 |     689   416 |     733   509 |     712   503 |     699   502 |     691   537 |     756   586 |     660   487 |    2570  1130 |     696    84
2024-12-02 19:13:41,178 - SUMMARY - 
2024-12-02 19:13:41,178 - SUMMARY - HAND STATISTICS BY COUNT
2024-12-02 19:13:41,178 - SUMMARY - Count | # Hands |    PNL
2024-12-02 19:13:41,178 - SUMMARY - ------|---------|-------
2024-12-02 19:13:41,178 - SUMMARY -     0 |  100000 | 5241.5
2024-12-02 19:13:41,178 - SUMMARY - 
2024-12-02 19:13:41,178 - SUMMARY - Simulation Complete. Played 100000 hands. Ending Pnl is 5241.5.
2024-12-02 19:13:41,178 - SUMMARY - Used strategy: basic-strategy
2024-12-02 19:14:31,837 - SUMMARY - END OF GAME ANALYSIS 

2024-12-02 19:14:31,839 - SUMMARY - 
2024-12-02 19:14:31,839 - SUMMARY - HAND STATISTICS BY ACE, CARD vs DEALER UP CARD
2024-12-02 19:14:31,839 - SUMMARY -      |       2        |       3        |       4        |       5        |       6        |       7        |       8        |       9        |       10       |       11      
2024-12-02 19:14:31,839 - SUMMARY -      | # Hands    PNL | # Hands    PNL | # Hands    PNL | # Hands    PNL | # Hands    PNL | # Hands    PNL | # Hands    PNL | # Hands    PNL | # Hands    PNL | # Hands    PNL
2024-12-02 19:14:31,839 - SUMMARY - -----|----------------|----------------|----------------|----------------|----------------|----------------|----------------|----------------|----------------|----------------
2024-12-02 19:14:31,839 - SUMMARY - A,1: |       0      0 |       0      0 |       0      0 |       0      0 |       0      0 |       0      0 |       0      0 |       0      0 |      10    -10 |      12    -12
2024-12-02 19:14:31,839 - SUMMARY - A,2: |      95     -6 |     107      3 |      97      2 |      93     -8 |     101     20 |     114    -10 |     103      3 |      93    -15 |     389    -40 |      79    -22
2024-12-02 19:14:31,839 - SUMMARY - A,3: |     107      0 |      92     18 |     102      6 |      97     16 |     103      4 |     106     13 |     103      9 |      87     -6 |     359    -93 |      75    -22
2024-12-02 19:14:31,839 - SUMMARY - A,4: |      85     -7 |      87     12 |      69     36 |     101     12 |     105      4 |     112     -2 |      91     -6 |     100    -18 |     412  174.5 |      85    -44
2024-12-02 19:14:31,839 - SUMMARY - A,5: |      92     -7 |     102    -11 |      79     10 |      77      4 |      87      8 |      91      2 |     106      4 |      91   45.5 |     424  170.0 |      97  -10.0
2024-12-02 19:14:31,839 - SUMMARY - A,6: |     107      2 |     101     38 |     112     44 |      94      4 |      87     16 |      92     12 |      95     -2 |     108    -12 |     392    -97 |      86    -43
2024-12-02 19:14:31,839 - SUMMARY - A,7: |     102     34 |      97      0 |      97     18 |     103     52 |     100     44 |      65     28 |     110     -7 |      88      8 |     391    -77 |      74    -29
2024-12-02 19:14:31,839 - SUMMARY - A,8: |     115     42 |      90     41 |     130     66 |      99     32 |      89    104 |     104     60 |      77     45 |      98     38 |     405     21 |      80     12
2024-12-02 19:14:31,839 - SUMMARY - A,9: |      95     63 |     102     70 |     112     73 |      95     70 |     111     87 |      92     71 |     112     93 |      87     68 |     425    205 |      85     23
2024-12-02 19:14:31,839 - SUMMARY - A,10: |     349  507.5 |     366  537.0 |     379  554.5 |     393  567.5 |     404  591.0 |     429  629.5 |     411  598.5 |     388  567.0 |    1479 2021.0 |     347  363.0
2024-12-02 19:14:31,839 - SUMMARY - 
2024-12-02 19:14:31,839 - SUMMARY - HAND STATISTICS BY PAIR TOTAL vs DEALER UP CARD
2024-12-02 19:14:31,839 - SUMMARY -      |      2        |      3        |      4        |      5        |      6        |      7        |      8        |      9        |      10       |      11      
2024-12-02 19:14:31,839 - SUMMARY -      | # Hands   PNL | # Hands   PNL | # Hands   PNL | # Hands   PNL | # Hands   PNL | # Hands   PNL | # Hands   PNL | # Hands   PNL | # Hands   PNL | # Hands   PNL
2024-12-02 19:14:31,839 - SUMMARY - -----|---------------|---------------|---------------|---------------|---------------|---------------|---------------|---------------|---------------|---------------
2024-12-02 19:14:31,839 - SUMMARY -   4: |       0     0 |       0     0 |       0     0 |       0     0 |       0     0 |       0     0 |      41     4 |      37    -8 |     180   -80 |      36   -22
2024-12-02 19:14:31,839 - SUMMARY -   5: |     101   -15 |      85    -5 |     104    -3 |     103    15 |     111     3 |      95   -16 |      95   -25 |     105   -32 |     362  -136 |      81   -50
2024-12-02 19:14:31,840 - SUMMARY -   6: |     101    -8 |      89    -4 |      97    -5 |     105     2 |     109     8 |     108    -7 |     124   -12 |     118   -31 |     553  -232 |     127   -51
2024-12-02 19:14:31,840 - SUMMARY -   7: |     180   -30 |     218   -13 |     198   -23 |     171     7 |     203    -3 |     169   -22 |     188   -24 |     176   -49 |     737  -330 |     193  -108
2024-12-02 19:14:31,840 - SUMMARY -   8: |     244    22 |     247   -14 |     220    31 |     211    15 |     171     9 |     235    18 |     235   -20 |     219   -24 |     928  -295 |     215   -87
2024-12-02 19:14:31,840 - SUMMARY -   9: |     294    25 |     308     2 |     288   100 |     286    92 |     300   104 |     297    48 |     292    57 |     246   -18 |    1116  -313 |     309   -96
2024-12-02 19:14:31,840 - SUMMARY -  10: |     326   110 |     347   150 |     324   158 |     340   134 |     334   194 |     311    74 |     327   122 |     346     8 |    1260   -31 |     347   -86
2024-12-02 19:14:31,840 - SUMMARY -  11: |     414   228 |     362   206 |     386   264 |     402   288 |     399   306 |     389    82 |     375   204 |     364    50 |    1548    66 |     367   -97
2024-12-02 19:14:31,840 - SUMMARY -  12: |     709  -170 |     641  -119 |     691  -127 |     665  -109 |     662  -104 |     735  -198 |     654  -214 |     742  -293 |    2634 -1049 |     685  -374
2024-12-02 19:14:31,840 - SUMMARY -  13: |     646  -194 |     625  -145 |     671  -121 |     712   -60 |     697  -109 |     705  -184 |     658  -239 |     607  -263 |    2677 -1202 |     622  -365
2024-12-02 19:14:31,840 - SUMMARY -  14: |     602  -176 |     626  -132 |     501   -91 |     571   -99 |     583   -89 |     534  -187 |     635  -240 |     604  -275 |    2266 -1185 |     614  -373
2024-12-02 19:14:31,840 - SUMMARY -  15: |     631  -163 |     601  -155 |     579  -123 |     551  -131 |     575   -83 |     547  -187 |     521  -253 |     550  -271 |    2132 841.0 |     588  -379
2024-12-02 19:14:31,840 - SUMMARY -  16: |     504  -182 |     562  -134 |     504   -88 |     483   -49 |     420   -74 |     471  -173 |     489  -241 |     445 222.5 |    1851 681.0 |     487  12.5
2024-12-02 19:14:31,840 - SUMMARY -  17: |     501   -84 |     483   -95 |     513   -77 |     513   -21 |     500   -19 |     469   -39 |     477  -169 |     432  -156 |    1804  -857 |     443  -287
2024-12-02 19:14:31,840 - SUMMARY -  18: |     414    44 |     384    93 |     391    76 |     393    78 |     414   114 |     412   161 |     322    43 |     402   -46 |    1507  -343 |     417  -144
2024-12-02 19:14:31,840 - SUMMARY -  19: |     387   152 |     398   178 |     395   171 |     372   185 |     371   193 |     374   222 |     416   269 |     338    91 |    1471     4 |     345   -26
2024-12-02 19:14:31,840 - SUMMARY -  20: |     717   443 |     687   448 |     729   464 |     655   450 |     748   516 |     694   542 |     689   537 |     702   520 |    2678  1224 |     683    91
2024-12-02 19:14:31,840 - SUMMARY - 
2024-12-02 19:14:31,840 - SUMMARY - HAND STATISTICS BY COUNT
2024-12-02 19:14:31,840 - SUMMARY - Count | # Hands |    PNL
2024-12-02 19:14:31,840 - SUMMARY - ------|---------|-------
2024-12-02 19:14:31,840 - SUMMARY -     0 |  100000 | 4792.5
2024-12-02 19:14:31,840 - SUMMARY - 
2024-12-02 19:14:31,840 - SUMMARY - Simulation Complete. Played 100000 hands. Ending Pnl is 4792.5.
2024-12-02 19:14:31,840 - SUMMARY - Used strategy: basic-strategy
2024-12-02 19:56:43,778 - SUMMARY - Starting simulation using strateg: basic-strategy
2024-12-02 19:56:43,778 - SUMMARY - Game has 2 decks and cut card point is in range: [75, 80]
2024-12-02 19:56:43,778 - SUMMARY - Will play the minimum of 10000 shuffles and 100000 hands 

2024-12-02 19:56:46,865 - SUMMARY - END OF GAME ANALYSIS 

2024-12-02 19:56:46,865 - SUMMARY - 
2024-12-02 19:56:46,865 - SUMMARY - HAND STATISTICS BY ACE, CARD vs DEALER UP CARD
2024-12-02 19:56:46,865 - SUMMARY -      |       2        |       3        |       4        |       5        |       6        |       7        |       8        |       9        |       10       |       11      
2024-12-02 19:56:46,865 - SUMMARY -      | # Hands    PNL | # Hands    PNL | # Hands    PNL | # Hands    PNL | # Hands    PNL | # Hands    PNL | # Hands    PNL | # Hands    PNL | # Hands    PNL | # Hands    PNL
2024-12-02 19:56:46,865 - SUMMARY - -----|----------------|----------------|----------------|----------------|----------------|----------------|----------------|----------------|----------------|----------------
2024-12-02 19:56:46,865 - SUMMARY - A,1: |       0      0 |       0      0 |       0      0 |       0      0 |       0      0 |       0      0 |       0      0 |       0      0 |       9     -9 |       9     -9
2024-12-02 19:56:46,865 - SUMMARY - A,2: |      95      5 |     119     12 |     115     -4 |     123    -12 |     117     56 |     100     16 |      88     -6 |     101     -9 |     364    -84 |     107    -42
2024-12-02 19:56:46,865 - SUMMARY - A,3: |     113      7 |      95     -5 |      91      8 |     107    -18 |     112     -6 |      82      3 |      95    -12 |      92      1 |     376    -76 |      85    -26
2024-12-02 19:56:46,865 - SUMMARY - A,4: |      77     -6 |     107      7 |      96      6 |     109     24 |      98     -2 |     100      7 |     111      0 |     103    -25 |     388  146.0 |      82    -26
2024-12-02 19:56:46,866 - SUMMARY - A,5: |     100     17 |     102     25 |     115     16 |      70     22 |      89     18 |     109      6 |     108     12 |     122   61.0 |     420  175.5 |      86    5.5
2024-12-02 19:56:46,866 - SUMMARY - A,6: |      93    -11 |     102     16 |      87    -12 |     107     40 |      98     34 |     103     16 |      93      2 |      88     -3 |     392   -103 |      82    -37
2024-12-02 19:56:46,866 - SUMMARY - A,7: |     108     24 |     103     60 |     105     48 |     114     12 |     102     72 |     105     62 |      79     11 |     111    -19 |     413    -76 |      72    -20
2024-12-02 19:56:46,866 - SUMMARY - A,8: |      89     34 |     102     52 |      91     38 |     109     53 |     116    122 |     117     76 |      90     47 |     109     14 |     411    -27 |      96     -6
2024-12-02 19:56:46,866 - SUMMARY - A,9: |     113     73 |      92     70 |      99     49 |     114     72 |     103     80 |      91     71 |      91     74 |      91     61 |     357    195 |     100     29
2024-12-02 19:56:46,866 - SUMMARY - A,10: |     388  568.5 |     418  607.0 |     404  583.5 |     388  572.0 |     420  609.0 |     390  566.5 |     385  563.0 |     383  560.5 |    1477 2023.5 |     343  364.5
2024-12-02 19:56:46,866 - SUMMARY - 
2024-12-02 19:56:46,866 - SUMMARY - HAND STATISTICS BY PAIR TOTAL vs DEALER UP CARD
2024-12-02 19:56:46,866 - SUMMARY -      |      2        |      3        |      4        |      5        |      6        |      7        |      8        |      9        |      10       |      11      
2024-12-02 19:56:46,866 - SUMMARY -      | # Hands   PNL | # Hands   PNL | # Hands   PNL | # Hands   PNL | # Hands   PNL | # Hands   PNL | # Hands   PNL | # Hands   PNL | # Hands   PNL | # Hands   PNL
2024-12-02 19:56:46,866 - SUMMARY - -----|---------------|---------------|---------------|---------------|---------------|---------------|---------------|---------------|---------------|---------------
2024-12-02 19:56:46,866 - SUMMARY -   4: |       1    -1 |       0     0 |       0     0 |       0     0 |       0     0 |       0     0 |      43    -6 |      32    -5 |     156   -45 |      39   -23
2024-12-02 19:56:46,866 - SUMMARY -   5: |      83    -8 |      88   -12 |     116    -3 |     111     1 |     103    16 |     108     1 |      89    -3 |      73   -25 |     384  -138 |      92   -43
2024-12-02 19:56:46,866 - SUMMARY -   6: |     106   -25 |      85     2 |      97   -37 |     114     1 |     106     7 |     101   -16 |     130     2 |     130   -37 |     515  -215 |     128   -63
2024-12-02 19:56:46,866 - SUMMARY -   7: |     177   -16 |     165   -16 |     156     8 |     193    10 |     228     8 |     207   -43 |     189   -41 |     173   -50 |     722  -264 |     189   -99
2024-12-02 19:56:46,866 - SUMMARY -   8: |     229     5 |     241    13 |     221    24 |     190    30 |     197    32 |     268    13 |     210    -6 |     243   -47 |     903  -282 |     213   -94
2024-12-02 19:56:46,866 - SUMMARY -   9: |     297     4 |     306    -4 |     280    58 |     289   102 |     276   154 |     297    75 |     300    22 |     285   -26 |    1115  -268 |     306  -129
2024-12-02 19:56:46,866 - SUMMARY -  10: |     343   126 |     317   156 |     329   136 |     347   168 |     352   222 |     345   168 |     323    82 |     325    -8 |    1246   -76 |     327   -81
2024-12-02 19:56:46,866 - SUMMARY -  11: |     397   210 |     419   158 |     404   198 |     440   342 |     440   374 |     369   210 |     353   162 |     367   154 |    1485    20 |     364   -88
2024-12-02 19:56:46,866 - SUMMARY -  12: |     610  -160 |     691  -156 |     696  -112 |     744  -122 |     732  -170 |     710  -118 |     719  -212 |     675  -238 |    2757 -1117 |     682  -388
2024-12-02 19:56:46,866 - SUMMARY -  13: |     760  -230 |     652  -178 |     651  -127 |     693  -103 |     635   -53 |     708  -206 |     640  -226 |     633  -214 |    2570 -1188 |     634  -399
2024-12-02 19:56:46,866 - SUMMARY -  14: |     579  -149 |     582  -192 |     560   -98 |     571   -67 |     575  -101 |     553  -142 |     554  -235 |     643  -317 |    2352 -1223 |     574  -317
2024-12-02 19:56:46,866 - SUMMARY -  15: |     574  -190 |     539  -103 |     586  -112 |     513   -93 |     591   -93 |     530  -186 |     556  -181 |     574  -305 |    2128 825.5 |     577  -383
2024-12-02 19:56:46,866 - SUMMARY -  16: |     520  -158 |     498  -120 |     502  -108 |     479   -81 |     412   -56 |     431  -147 |     455  -239 |     434 217.0 |    1809 643.5 |     471  -4.5
2024-12-02 19:56:46,866 - SUMMARY -  17: |     503   -79 |     489   -44 |     507   -36 |     475     5 |     457     6 |     462   -69 |     479  -167 |     463  -179 |    1824  -829 |     446  -300
2024-12-02 19:56:46,866 - SUMMARY -  18: |     340    36 |     414    72 |     359    68 |     414    98 |     382    97 |     408   166 |     333    28 |     377   -71 |    1475  -360 |     435  -155
2024-12-02 19:56:46,866 - SUMMARY -  19: |     384   141 |     405   166 |     428   193 |     396   151 |     390   174 |     373   229 |     396   244 |     344   112 |    1476    32 |     369   -38
2024-12-02 19:56:46,866 - SUMMARY -  20: |     683   444 |     705   440 |     743   505 |     701   488 |     678   482 |     661   522 |     733   578 |     713   553 |    2623  1152 |     735   146
2024-12-02 19:56:46,866 - SUMMARY - 
2024-12-02 19:56:46,866 - SUMMARY - HAND STATISTICS BY COUNT
2024-12-02 19:56:46,867 - SUMMARY - Count | # Hands |    PNL
2024-12-02 19:56:46,867 - SUMMARY - ------|---------|-------
2024-12-02 19:56:46,867 - SUMMARY -     0 |  100000 | 5290.5
2024-12-02 19:56:46,867 - SUMMARY - 
2024-12-02 19:56:46,867 - SUMMARY - Simulation Complete. Played 100000 hands. Ending Pnl is 5290.5.
2024-12-02 19:56:46,867 - SUMMARY - Used strategy: basic-strategy
2024-12-02 19:56:49,865 - SUMMARY - Starting simulation using strateg: basic-strategy
2024-12-02 19:56:49,865 - SUMMARY - Game has 2 decks and cut card point is in range: [75, 80]
2024-12-02 19:56:49,865 - SUMMARY - Will play the minimum of 10000 shuffles and 100000 hands 

2024-12-02 19:56:53,030 - SUMMARY - END OF GAME ANALYSIS 

2024-12-02 19:56:53,030 - SUMMARY - 
2024-12-02 19:56:53,030 - SUMMARY - HAND STATISTICS BY ACE, CARD vs DEALER UP CARD
2024-12-02 19:56:53,030 - SUMMARY -      |       2        |       3        |       4        |       5        |       6        |       7        |       8        |       9        |       10       |       11      
2024-12-02 19:56:53,030 - SUMMARY -      | # Hands    PNL | # Hands    PNL | # Hands    PNL | # Hands    PNL | # Hands    PNL | # Hands    PNL | # Hands    PNL | # Hands    PNL | # Hands    PNL | # Hands    PNL
2024-12-02 19:56:53,030 - SUMMARY - -----|----------------|----------------|----------------|----------------|----------------|----------------|----------------|----------------|----------------|----------------
2024-12-02 19:56:53,030 - SUMMARY - A,1: |       0      0 |       0      0 |       0      0 |       0      0 |       0      0 |       0      0 |       0      0 |       0      0 |       6     -6 |      12    -12
2024-12-02 19:56:53,030 - SUMMARY - A,2: |      99      8 |     102     13 |     110     26 |     105     14 |     111      4 |     111     19 |     100     -3 |      89    -16 |     391    -56 |      81    -26
2024-12-02 19:56:53,030 - SUMMARY - A,3: |      98     15 |      85      0 |      93     -6 |     117     40 |     100     50 |      91     -2 |     100      3 |      98    -13 |     366    -72 |      81    -39
2024-12-02 19:56:53,030 - SUMMARY - A,4: |     104    -13 |     116     -5 |      95      8 |     120     14 |     110     46 |     103      4 |      91     -8 |      88     -8 |     363  132.0 |      94    -34
2024-12-02 19:56:53,030 - SUMMARY - A,5: |      96      2 |     120    -15 |      94     20 |      96     -2 |      95     54 |      99    -10 |     107    -19 |     103   51.5 |     409  173.0 |      84   13.5
2024-12-02 19:56:53,030 - SUMMARY - A,6: |     103      9 |      97      6 |     109     30 |      95      8 |     103      8 |     100      1 |     101    -18 |     122    -22 |     376    -95 |      78    -28
2024-12-02 19:56:53,030 - SUMMARY - A,7: |     102     38 |      92     12 |     106     28 |     119     68 |      95     26 |      82     28 |      99     10 |      80    -13 |     390    -70 |      74    -22
2024-12-02 19:56:53,030 - SUMMARY - A,8: |     105     50 |      93     35 |     105     49 |     111     50 |     103    100 |     122     81 |      96     64 |     107     35 |     393     20 |      83    -17
2024-12-02 19:56:53,031 - SUMMARY - A,9: |     114     77 |     126     82 |     124     93 |      97     63 |      96     64 |     101     71 |     102     84 |      93     67 |     383    172 |      72     -1
2024-12-02 19:56:53,031 - SUMMARY - A,10: |     375  549.5 |     410  585.5 |     410  594.5 |     368  536.0 |     383  561.0 |     405  594.5 |     369  540.5 |     359  518.0 |    1601 2195.0 |     350  360.5
2024-12-02 19:56:53,031 - SUMMARY - 
2024-12-02 19:56:53,031 - SUMMARY - HAND STATISTICS BY PAIR TOTAL vs DEALER UP CARD
2024-12-02 19:56:53,031 - SUMMARY -      |      2        |      3        |      4        |      5        |      6        |      7        |      8        |      9        |      10       |      11      
2024-12-02 19:56:53,031 - SUMMARY -      | # Hands   PNL | # Hands   PNL | # Hands   PNL | # Hands   PNL | # Hands   PNL | # Hands   PNL | # Hands   PNL | # Hands   PNL | # Hands   PNL | # Hands   PNL
2024-12-02 19:56:53,031 - SUMMARY - -----|---------------|---------------|---------------|---------------|---------------|---------------|---------------|---------------|---------------|---------------
2024-12-02 19:56:53,031 - SUMMARY -   4: |       0     0 |       0     0 |       0     0 |       0     0 |       0     0 |       0     0 |      45    -5 |      44     4 |     151   -56 |      45   -22
2024-12-02 19:56:53,031 - SUMMARY -   5: |      97    -4 |     112    -4 |     104     9 |      97    -1 |     107     7 |     112   -25 |      83    -8 |      96   -30 |     381  -134 |      82   -46
2024-12-02 19:56:53,031 - SUMMARY -   6: |     101    -7 |     115    -4 |     101   -21 |     122    -6 |     104     7 |     112   -14 |     143   -27 |     134   -44 |     543  -195 |     155   -84
2024-12-02 19:56:53,031 - SUMMARY -   7: |     180    -7 |     175    -5 |     172    -5 |     195    10 |     215     3 |     198    -5 |     158   -30 |     173   -51 |     729  -263 |     188   -82
2024-12-02 19:56:53,031 - SUMMARY -   8: |     222    -3 |     237    18 |     239    24 |     195    24 |     174    27 |     199    -5 |     216    10 |     207   -22 |     896  -232 |     233  -121
2024-12-02 19:56:53,031 - SUMMARY -   9: |     303    -1 |     267    28 |     265    18 |     281    78 |     315    92 |     292    37 |     281     0 |     267    -9 |    1124  -257 |     236   -75
2024-12-02 19:56:53,031 - SUMMARY -  10: |     375   124 |     339   144 |     342   154 |     362   202 |     377   216 |     343   140 |     313   120 |     313    18 |    1245   -61 |     330   -78
2024-12-02 19:56:53,031 - SUMMARY -  11: |     376   154 |     398   298 |     362   282 |     415   272 |     438   322 |     387   186 |     373   182 |     373   122 |    1546   176 |     375   -42
2024-12-02 19:56:53,031 - SUMMARY -  12: |     680  -169 |     705  -161 |     646  -112 |     663  -113 |     702  -130 |     743  -159 |     738  -247 |     652  -252 |    2684 -1154 |     735  -444
2024-12-02 19:56:53,031 - SUMMARY -  13: |     700  -166 |     613  -115 |     712  -160 |     705   -97 |     690   -64 |     667  -189 |     618  -228 |     645  -286 |    2614 -1149 |     657  -390
2024-12-02 19:56:53,031 - SUMMARY -  14: |     592  -156 |     588  -142 |     499  -107 |     573  -109 |     584  -144 |     596  -185 |     607  -171 |     589  -275 |    2383 -1175 |     622  -405
2024-12-02 19:56:53,031 - SUMMARY -  15: |     598  -182 |     567  -133 |     607   -91 |     538  -138 |     588   -96 |     533  -185 |     542  -221 |     530  -244 |    2169 835.5 |     505  -341
2024-12-02 19:56:53,031 - SUMMARY -  16: |     560  -202 |     488  -126 |     477   -61 |     491   -69 |     437   -81 |     441  -191 |     424  -184 |     430 215.0 |    1778 688.0 |     403 -20.5
2024-12-02 19:56:53,031 - SUMMARY -  17: |     498   -60 |     491   -61 |     499   -26 |     482   -45 |     485    18 |     438   -50 |     462  -184 |     484  -184 |    1772  -853 |     479  -300
2024-12-02 19:56:53,031 - SUMMARY -  18: |     373    59 |     378    57 |     392    83 |     373    82 |     407    99 |     391   166 |     315    26 |     360   -68 |    1491  -433 |     445  -165
2024-12-02 19:56:53,031 - SUMMARY -  19: |     409   169 |     395   139 |     379   150 |     360   169 |     374   165 |     350   240 |     369   212 |     319    78 |    1526    32 |     381   -28
2024-12-02 19:56:53,031 - SUMMARY -  20: |     659   445 |     721   455 |     700   474 |     699   407 |     684   462 |     715   549 |     708   547 |     767   556 |    2735  1208 |     715   115
2024-12-02 19:56:53,031 - SUMMARY - 
2024-12-02 19:56:53,031 - SUMMARY - HAND STATISTICS BY COUNT
2024-12-02 19:56:53,031 - SUMMARY - Count | # Hands |    PNL
2024-12-02 19:56:53,031 - SUMMARY - ------|---------|-------
2024-12-02 19:56:53,031 - SUMMARY -     0 |  100000 | 5264.0
2024-12-02 19:56:53,031 - SUMMARY - 
2024-12-02 19:56:53,032 - SUMMARY - Simulation Complete. Played 100000 hands. Ending Pnl is 5264.0.
2024-12-02 19:56:53,032 - SUMMARY - Used strategy: basic-strategy
2024-12-02 19:57:11,277 - SUMMARY - Starting simulation using strateg: basic-strategy
2024-12-02 19:57:11,277 - SUMMARY - Game has 2 decks and cut card point is in range: [75, 80]
2024-12-02 19:57:11,277 - SUMMARY - Will play the minimum of 10000 shuffles and 100000 hands 

2024-12-02 19:57:14,397 - SUMMARY - END OF GAME ANALYSIS 

2024-12-02 19:57:14,397 - SUMMARY - 
2024-12-02 19:57:14,397 - SUMMARY - HAND STATISTICS BY ACE, CARD vs DEALER UP CARD
2024-12-02 19:57:14,397 - SUMMARY -      |       2        |       3        |       4        |       5        |       6        |       7        |       8        |       9        |       10       |       11      
2024-12-02 19:57:14,397 - SUMMARY -      | # Hands    PNL | # Hands    PNL | # Hands    PNL | # Hands    PNL | # Hands    PNL | # Hands    PNL | # Hands    PNL | # Hands    PNL | # Hands    PNL | # Hands    PNL
2024-12-02 19:57:14,397 - SUMMARY - -----|----------------|----------------|----------------|----------------|----------------|----------------|----------------|----------------|----------------|----------------
2024-12-02 19:57:14,397 - SUMMARY - A,1: |       0      0 |       0      0 |       0      0 |       0      0 |       0      0 |       0      0 |       0      0 |       1      1 |       8     -8 |       9     -9
2024-12-02 19:57:14,397 - SUMMARY - A,2: |      82     20 |     101     12 |      88     -2 |      98     36 |     106    -20 |     121     13 |      90     -5 |      94     -7 |     373    -68 |      81    -28
2024-12-02 19:57:14,397 - SUMMARY - A,3: |      95     -6 |      89     -1 |     129     31 |      94     16 |     117     42 |     110     -2 |      83     -7 |     105      3 |     409    -92 |      74    -24
2024-12-02 19:57:14,397 - SUMMARY - A,4: |     105    -11 |      92     17 |      83     -2 |      98     24 |     117     18 |     108      3 |     116     -6 |     114     -9 |     373  159.5 |      76    -40
2024-12-02 19:57:14,397 - SUMMARY - A,5: |     100     -8 |     101     16 |     104     18 |      83    -20 |     106      6 |     101    -15 |      89      6 |     101   50.5 |     384  156.0 |      62   -5.0
2024-12-02 19:57:14,397 - SUMMARY - A,6: |     124     -5 |     113     -4 |     110     10 |     117     48 |      85    -18 |      89    -12 |      85    -22 |      93    -13 |     436   -106 |      82    -36
2024-12-02 19:57:14,397 - SUMMARY - A,7: |      98     14 |     105     68 |     119     70 |     100     34 |     106     76 |     101     41 |     116      2 |      91    -16 |     382    -80 |      92    -32
2024-12-02 19:57:14,397 - SUMMARY - A,8: |     113     48 |      93     40 |      92     39 |      93     45 |     104     84 |     118     67 |      76     53 |     107     31 |     417      3 |      85      6
2024-12-02 19:57:14,397 - SUMMARY - A,9: |     100     66 |     128     93 |     109     66 |     104     75 |      94     58 |     113     92 |      96     72 |     107     75 |     388    202 |      95      7
2024-12-02 19:57:14,397 - SUMMARY - A,10: |     392 1495.0 |     386 1470.0 |     404 1487.0 |     402 1517.0 |     389 1465.0 |     392 1480.0 |     415 1581.0 |     415 1580.0 |    1516 5401.0 |     324  903.0
2024-12-02 19:57:14,397 - SUMMARY - 
2024-12-02 19:57:14,397 - SUMMARY - HAND STATISTICS BY PAIR TOTAL vs DEALER UP CARD
2024-12-02 19:57:14,397 - SUMMARY -      |      2        |      3        |      4        |      5        |      6        |      7        |      8        |      9        |      10       |      11      
2024-12-02 19:57:14,398 - SUMMARY -      | # Hands   PNL | # Hands   PNL | # Hands   PNL | # Hands   PNL | # Hands   PNL | # Hands   PNL | # Hands   PNL | # Hands   PNL | # Hands   PNL | # Hands   PNL
2024-12-02 19:57:14,398 - SUMMARY - -----|---------------|---------------|---------------|---------------|---------------|---------------|---------------|---------------|---------------|---------------
2024-12-02 19:57:14,398 - SUMMARY -   4: |       0     0 |       0     0 |       0     0 |       0     0 |       1     1 |       1     0 |      43     3 |      46    -6 |     176   -73 |      50   -25
2024-12-02 19:57:14,398 - SUMMARY -   5: |      89    -9 |      88   -12 |      98    -8 |      97   -12 |     106   -13 |      98   -24 |      84   -17 |      84   -28 |     365  -141 |      92   -42
2024-12-02 19:57:14,398 - SUMMARY -   6: |      88   -11 |     123    -7 |      71   -10 |     105     3 |      97    19 |     110   -24 |     145   -35 |     137   -68 |     546  -209 |     132   -73
2024-12-02 19:57:14,398 - SUMMARY -   7: |     167   -32 |     212   -28 |     198   -18 |     175     0 |     199     8 |     194   -25 |     173   -20 |     147   -50 |     745  -250 |     173   -61
2024-12-02 19:57:14,398 - SUMMARY -   8: |     235    -3 |     230    15 |     213    43 |     176    21 |     184    34 |     221    13 |     218   -13 |     213   -44 |     921  -252 |     216   -71
2024-12-02 19:57:14,398 - SUMMARY -   9: |     320    41 |     286    48 |     320    76 |     289   118 |     295   128 |     277    25 |     269    19 |     287     3 |    1161  -314 |     280  -119
2024-12-02 19:57:14,398 - SUMMARY -  10: |     348   160 |     350   150 |     329   160 |     367   198 |     314   184 |     333   180 |     314    82 |     324    68 |    1211   -33 |     323   -94
2024-12-02 19:57:14,398 - SUMMARY -  11: |     404   176 |     450   250 |     385   256 |     389   272 |     385   296 |     389   136 |     405   196 |     353    80 |    1547    60 |     354   -46
2024-12-02 19:57:14,398 - SUMMARY -  12: |     642  -134 |     701  -167 |     641   -67 |     693   -83 |     725  -157 |     764  -162 |     668  -184 |     707  -268 |    2696 -1106 |     658  -350
2024-12-02 19:57:14,398 - SUMMARY -  13: |     711  -223 |     646  -144 |     688  -136 |     702   -96 |     706  -122 |     680  -124 |     638  -218 |     688  -212 |    2579 -1193 |     643  -389
2024-12-02 19:57:14,398 - SUMMARY -  14: |     595  -181 |     560  -134 |     552   -90 |     547   -69 |     593   -83 |     543  -145 |     608  -253 |     583  -282 |    2293 -1131 |     630  -394
2024-12-02 19:57:14,398 - SUMMARY -  15: |     592  -202 |     565  -175 |     591  -103 |     539   -87 |     569   -95 |     520  -169 |     506  -196 |     574  -295 |    2194 858.5 |     522  -345
2024-12-02 19:57:14,398 - SUMMARY -  16: |     484  -178 |     474  -150 |     499  -125 |     505   -85 |     441   -63 |     413  -173 |     423  -178 |     487 243.5 |    1810 695.0 |     515  -0.5
2024-12-02 19:57:14,398 - SUMMARY -  17: |     520  -122 |     518   -60 |     537   -22 |     474   -30 |     528   -27 |     431   -55 |     439  -167 |     436  -173 |    1844  -860 |     446  -293
2024-12-02 19:57:14,398 - SUMMARY -  18: |     378    36 |     377    38 |     395    40 |     401    48 |     406   112 |     406   177 |     322    23 |     417  -114 |    1486  -344 |     451  -166
2024-12-02 19:57:14,398 - SUMMARY -  19: |     400   157 |     419   177 |     353   120 |     385   192 |     392   175 |     351   227 |     395   240 |     342   105 |    1461    49 |     365    -2
2024-12-02 19:57:14,398 - SUMMARY -  20: |     735   474 |     684   478 |     698   463 |     655   458 |     729   542 |     720   573 |     713   561 |     755   593 |    2542  1122 |     670   125
2024-12-02 19:57:14,398 - SUMMARY - 
2024-12-02 19:57:14,398 - SUMMARY - HAND STATISTICS BY COUNT
2024-12-02 19:57:14,398 - SUMMARY - Count | # Hands |     PNL
2024-12-02 19:57:14,398 - SUMMARY - ------|---------|--------
2024-12-02 19:57:14,398 - SUMMARY -     0 |  100000 | 16825.5
2024-12-02 19:57:14,398 - SUMMARY - 
2024-12-02 19:57:14,398 - SUMMARY - Simulation Complete. Played 100000 hands. Ending Pnl is 16825.5.
2024-12-02 19:57:14,398 - SUMMARY - Used strategy: basic-strategy
2024-12-02 20:01:44,979 - SUMMARY - Starting simulation using strateg: basic-strategy
2024-12-02 20:01:44,979 - SUMMARY - Game has 2 decks and cut card point is in range: [75, 80]
2024-12-02 20:01:44,979 - SUMMARY - Will play the minimum of 10000 shuffles and 1 hands 

2024-12-02 20:01:44,980 - CARD - Player [[10 S][K D]]
2024-12-02 20:01:44,980 - CARD - Dealer up card: [K C]
2024-12-02 20:01:44,980 - CARD - Player hit decision is False with Player [[10 S][K D]] and dealer up card [K C]
2024-12-02 20:01:44,980 - CARD - Hand Complete. Result for player: WIN with Player [[10 S][K D]] and Dealer [[K C][8 D]]
2024-12-02 20:01:44,980 - CARD - Hands played: 1 PNL so far: 1
2024-12-02 20:01:44,980 - SUMMARY - END OF GAME ANALYSIS 

2024-12-02 20:01:44,980 - SUMMARY - 
2024-12-02 20:01:44,980 - SUMMARY - HAND STATISTICS BY PAIR TOTAL vs DEALER UP CARD
2024-12-02 20:01:44,980 - SUMMARY -      |     2       |     3       |     4       |     5       |     6       |     7       |     8       |     9       |     10      |     11     
2024-12-02 20:01:44,980 - SUMMARY -      | # Hands PNL | # Hands PNL | # Hands PNL | # Hands PNL | # Hands PNL | # Hands PNL | # Hands PNL | # Hands PNL | # Hands PNL | # Hands PNL
2024-12-02 20:01:44,980 - SUMMARY - -----|-------------|-------------|-------------|-------------|-------------|-------------|-------------|-------------|-------------|-------------
2024-12-02 20:01:44,980 - SUMMARY -  20: |       0   0 |       0   0 |       0   0 |       0   0 |       0   0 |       0   0 |       0   0 |       0   0 |       1   1 |       0   0
2024-12-02 20:01:44,980 - SUMMARY - 
2024-12-02 20:01:44,980 - SUMMARY - HAND STATISTICS BY COUNT
2024-12-02 20:01:44,980 - SUMMARY - Count | # Hands | PNL
2024-12-02 20:01:44,980 - SUMMARY - ------|---------|----
2024-12-02 20:01:44,980 - SUMMARY -     0 |       1 |   1
2024-12-02 20:01:44,980 - SUMMARY - 
2024-12-02 20:01:44,980 - SUMMARY - Simulation Complete. Played 1 hands. Ending Pnl is 1.
2024-12-02 20:01:44,980 - SUMMARY - Used strategy: basic-strategy
2024-12-02 20:03:20,927 - SUMMARY - Starting simulation using strateg: basic-strategy
2024-12-02 20:03:20,927 - SUMMARY - Game has 2 decks and cut card point is in range: [75, 80]
2024-12-02 20:03:20,927 - SUMMARY - Will play the minimum of 10000 shuffles and 1 hands 

2024-12-02 20:03:20,927 - CARD - Player [[8][A]]
2024-12-02 20:03:20,927 - CARD - Dealer up card: [4]
2024-12-02 20:03:20,927 - CARD - Player hit decision is False with Player [[8][A]] and dealer up card [4]
2024-12-02 20:03:20,927 - CARD - Hand Complete. Result for player: WIN with Player [[8][A]] and Dealer [[4][9][10]]
2024-12-02 20:03:20,927 - CARD - Hands played: 1 PNL so far: 1
2024-12-02 20:03:20,927 - SUMMARY - END OF GAME ANALYSIS 

2024-12-02 20:03:20,927 - SUMMARY - 
2024-12-02 20:03:20,927 - SUMMARY - HAND STATISTICS BY ACE, CARD vs DEALER UP CARD
2024-12-02 20:03:20,927 - SUMMARY -      |     2       |     3       |     4       |     5       |     6       |     7       |     8       |     9       |     10      |     11     
2024-12-02 20:03:20,928 - SUMMARY -      | # Hands PNL | # Hands PNL | # Hands PNL | # Hands PNL | # Hands PNL | # Hands PNL | # Hands PNL | # Hands PNL | # Hands PNL | # Hands PNL
2024-12-02 20:03:20,928 - SUMMARY - -----|-------------|-------------|-------------|-------------|-------------|-------------|-------------|-------------|-------------|-------------
2024-12-02 20:03:20,928 - SUMMARY - A,8: |       0   0 |       0   0 |       1   1 |       0   0 |       0   0 |       0   0 |       0   0 |       0   0 |       0   0 |       0   0
2024-12-02 20:03:20,928 - SUMMARY - 
2024-12-02 20:03:20,928 - SUMMARY - HAND STATISTICS BY COUNT
2024-12-02 20:03:20,928 - SUMMARY - Count | # Hands | PNL
2024-12-02 20:03:20,928 - SUMMARY - ------|---------|----
2024-12-02 20:03:20,928 - SUMMARY -     0 |       1 |   1
2024-12-02 20:03:20,928 - SUMMARY - 
2024-12-02 20:03:20,928 - SUMMARY - Simulation Complete. Played 1 hands. Ending Pnl is 1.
2024-12-02 20:03:20,928 - SUMMARY - Used strategy: basic-strategy
2024-12-02 20:03:47,381 - SUMMARY - Starting simulation using strateg: basic-strategy
2024-12-02 20:03:47,381 - SUMMARY - Game has 2 decks and cut card point is in range: [75, 80]
2024-12-02 20:03:47,381 - SUMMARY - Will play the minimum of 10000 shuffles and 1 hands 

2024-12-02 20:03:47,381 - CARD - Player [[9][5]]
2024-12-02 20:03:47,381 - CARD - Dealer up card: [7]
2024-12-02 20:03:47,381 - CARD - Player hit decision is True with Player [[9][5]] and dealer up card [7]
2024-12-02 20:03:47,381 - CARD - Player hit decision is True with Player [[9][5][2]] and dealer up card [7]
2024-12-02 20:03:47,381 - CARD - Player hit decision is False with Player [[9][5][2][4]] and dealer up card [7]
2024-12-02 20:03:47,381 - CARD - Hand Complete. Result for player: PUSH with Player [[9][5][2][4]] and Dealer [[7][7][6]]
2024-12-02 20:03:47,381 - CARD - Hands played: 1 PNL so far: 0
2024-12-02 20:03:47,381 - SUMMARY - END OF GAME ANALYSIS 

2024-12-02 20:03:47,381 - SUMMARY - 
2024-12-02 20:03:47,381 - SUMMARY - HAND STATISTICS BY PAIR TOTAL vs DEALER UP CARD
2024-12-02 20:03:47,381 - SUMMARY -      |     2       |     3       |     4       |     5       |     6       |     7       |     8       |     9       |     10      |     11     
2024-12-02 20:03:47,381 - SUMMARY -      | # Hands PNL | # Hands PNL | # Hands PNL | # Hands PNL | # Hands PNL | # Hands PNL | # Hands PNL | # Hands PNL | # Hands PNL | # Hands PNL
2024-12-02 20:03:47,381 - SUMMARY - -----|-------------|-------------|-------------|-------------|-------------|-------------|-------------|-------------|-------------|-------------
2024-12-02 20:03:47,381 - SUMMARY -  14: |       0   0 |       0   0 |       0   0 |       0   0 |       0   0 |       1   0 |       0   0 |       0   0 |       0   0 |       0   0
2024-12-02 20:03:47,382 - SUMMARY - 
2024-12-02 20:03:47,382 - SUMMARY - HAND STATISTICS BY COUNT
2024-12-02 20:03:47,382 - SUMMARY - Count | # Hands | PNL
2024-12-02 20:03:47,382 - SUMMARY - ------|---------|----
2024-12-02 20:03:47,382 - SUMMARY -     0 |       1 |   0
2024-12-02 20:03:47,382 - SUMMARY - 
2024-12-02 20:03:47,382 - SUMMARY - Simulation Complete. Played 1 hands. Ending Pnl is 0.
2024-12-02 20:03:47,382 - SUMMARY - Used strategy: basic-strategy
2024-12-02 20:04:27,381 - SUMMARY - Starting simulation using strateg: basic-strategy
2024-12-02 20:04:27,381 - SUMMARY - Game has 2 decks and cut card point is in range: [75, 80]
2024-12-02 20:04:27,381 - SUMMARY - Will play the minimum of 10000 shuffles and 1 hands 

2024-12-02 20:04:27,382 - CARD - Player [[3][K]]
2024-12-02 20:04:27,382 - CARD - Dealer up card: [J]
2024-12-02 20:04:27,382 - CARD - Player hit decision is True with Player [[3][K]] and dealer up card [J]
2024-12-02 20:04:27,382 - CARD - Player hit decision is False with Player [[3][K][7]] and dealer up card [J]
2024-12-02 20:04:27,382 - CARD - Hand Complete. Result for player: PUSH with Player [[3][K][7]] and Dealer [[J][Q]]
2024-12-02 20:04:27,382 - CARD - Hands played: 1 PNL so far: 0
2024-12-02 20:04:27,382 - SUMMARY - END OF GAME ANALYSIS 

2024-12-02 20:04:27,382 - SUMMARY - 
2024-12-02 20:04:27,382 - SUMMARY - HAND STATISTICS BY PAIR TOTAL vs DEALER UP CARD
2024-12-02 20:04:27,382 - SUMMARY -      |     2       |     3       |     4       |     5       |     6       |     7       |     8       |     9       |     10      |     11     
2024-12-02 20:04:27,382 - SUMMARY -      | # Hands PNL | # Hands PNL | # Hands PNL | # Hands PNL | # Hands PNL | # Hands PNL | # Hands PNL | # Hands PNL | # Hands PNL | # Hands PNL
2024-12-02 20:04:27,382 - SUMMARY - -----|-------------|-------------|-------------|-------------|-------------|-------------|-------------|-------------|-------------|-------------
2024-12-02 20:04:27,382 - SUMMARY -  13: |       0   0 |       0   0 |       0   0 |       0   0 |       0   0 |       0   0 |       0   0 |       0   0 |       1   0 |       0   0
2024-12-02 20:04:27,382 - SUMMARY - 
2024-12-02 20:04:27,382 - SUMMARY - HAND STATISTICS BY COUNT
2024-12-02 20:04:27,382 - SUMMARY - Count | # Hands | PNL
2024-12-02 20:04:27,382 - SUMMARY - ------|---------|----
2024-12-02 20:04:27,382 - SUMMARY -     0 |       1 |   0
2024-12-02 20:04:27,382 - SUMMARY - 
2024-12-02 20:04:27,382 - SUMMARY - Simulation Complete. Played 1 hands. Ending Pnl is 0.
2024-12-02 20:04:27,382 - SUMMARY - Used strategy: basic-strategy
2024-12-02 20:05:31,004 - SUMMARY - Starting simulation using strateg: basic-strategy
2024-12-02 20:05:31,004 - SUMMARY - Game has 2 decks and cut card point is in range: [75, 80]
2024-12-02 20:05:31,004 - SUMMARY - Will play the minimum of 10000 shuffles and 1 hands 

2024-12-02 20:05:31,004 - CARD - Player [[3][Q]]
2024-12-02 20:05:31,004 - CARD - Dealer up card: [8]
2024-12-02 20:05:31,004 - CARD - Player hit decision is True with Player [[3][Q]] and dealer up card [8]
2024-12-02 20:05:31,004 - CARD - Player hit decision is True with Player [[3][Q][2]] and dealer up card [8]
2024-12-02 20:05:31,004 - CARD - Player hit decision is False with Player [[3][Q][2][5]] and dealer up card [8]
2024-12-02 20:05:31,004 - CARD - Hand Complete. Result for player: WIN with Player [[3][Q][2][5]] and Dealer [[8][2][8]]
2024-12-02 20:05:31,004 - CARD - Hands played: 1 PNL so far: 1
2024-12-02 20:05:31,004 - SUMMARY - END OF GAME ANALYSIS 

2024-12-02 20:05:31,004 - SUMMARY - 
2024-12-02 20:05:31,004 - SUMMARY - HAND STATISTICS BY PAIR TOTAL vs DEALER UP CARD
2024-12-02 20:05:31,005 - SUMMARY -      |     2       |     3       |     4       |     5       |     6       |     7       |     8       |     9       |     10      |     11     
2024-12-02 20:05:31,005 - SUMMARY -      | # Hands PNL | # Hands PNL | # Hands PNL | # Hands PNL | # Hands PNL | # Hands PNL | # Hands PNL | # Hands PNL | # Hands PNL | # Hands PNL
2024-12-02 20:05:31,005 - SUMMARY - -----|-------------|-------------|-------------|-------------|-------------|-------------|-------------|-------------|-------------|-------------
2024-12-02 20:05:31,005 - SUMMARY -  13: |       0   0 |       0   0 |       0   0 |       0   0 |       0   0 |       0   0 |       1   1 |       0   0 |       0   0 |       0   0
2024-12-02 20:05:31,005 - SUMMARY - 
2024-12-02 20:05:31,005 - SUMMARY - HAND STATISTICS BY COUNT
2024-12-02 20:05:31,005 - SUMMARY - Count | # Hands | PNL
2024-12-02 20:05:31,005 - SUMMARY - ------|---------|----
2024-12-02 20:05:31,005 - SUMMARY -     0 |       1 |   1
2024-12-02 20:05:31,005 - SUMMARY - 
2024-12-02 20:05:31,005 - SUMMARY - Simulation Complete. Played 1 hands. Ending Pnl is +1 units
2024-12-02 20:05:31,005 - SUMMARY - Used strategy: basic-strategy
2024-12-02 20:06:06,884 - SUMMARY - Starting simulation using strateg: basic-strategy
2024-12-02 20:06:06,884 - SUMMARY - Game has 2 decks and cut card point is in range: [75, 80]
2024-12-02 20:06:06,884 - SUMMARY - Will play the minimum of 10000 shuffles and 1 hands 

2024-12-02 20:06:06,884 - CARD - Player [[8][Q]]
2024-12-02 20:06:06,884 - CARD - Dealer up card: [K]
2024-12-02 20:06:06,884 - CARD - Player hit decision is False with Player [[8][Q]] and dealer up card [K]
2024-12-02 20:06:06,884 - CARD - Hand Complete. Result for player: LOSE with Player [[8][Q]] and Dealer [[K][Q]]
2024-12-02 20:06:06,884 - CARD - Hands played: 1 PNL so far: -1
2024-12-02 20:06:06,884 - SUMMARY - END OF GAME ANALYSIS 

2024-12-02 20:06:06,884 - SUMMARY - 
2024-12-02 20:06:06,884 - SUMMARY - HAND STATISTICS BY PAIR TOTAL vs DEALER UP CARD
2024-12-02 20:06:06,884 - SUMMARY -      |     2       |     3       |     4       |     5       |     6       |     7       |     8       |     9       |     10      |     11     
2024-12-02 20:06:06,884 - SUMMARY -      | # Hands PNL | # Hands PNL | # Hands PNL | # Hands PNL | # Hands PNL | # Hands PNL | # Hands PNL | # Hands PNL | # Hands PNL | # Hands PNL
2024-12-02 20:06:06,884 - SUMMARY - -----|-------------|-------------|-------------|-------------|-------------|-------------|-------------|-------------|-------------|-------------
2024-12-02 20:06:06,884 - SUMMARY -  18: |       0   0 |       0   0 |       0   0 |       0   0 |       0   0 |       0   0 |       0   0 |       0   0 |       1  -1 |       0   0
2024-12-02 20:06:06,885 - SUMMARY - 
2024-12-02 20:06:06,885 - SUMMARY - HAND STATISTICS BY COUNT
2024-12-02 20:06:06,885 - SUMMARY - Count | # Hands | PNL
2024-12-02 20:06:06,885 - SUMMARY - ------|---------|----
2024-12-02 20:06:06,885 - SUMMARY -     0 |       1 |  -1
2024-12-02 20:06:06,885 - SUMMARY - 
2024-12-02 20:06:06,885 - SUMMARY - Simulation Complete. Played 1 hands. Final Pnl is -1 units
2024-12-02 20:06:06,885 - SUMMARY - Used strategy: basic-strategy
2024-12-02 20:07:30,938 - SUMMARY - Starting simulation using strateg: basic-strategy
2024-12-02 20:07:30,938 - SUMMARY - Game has 2 decks and cut card point is in range: [75, 80]
2024-12-02 20:07:30,938 - SUMMARY - Will play the minimum of 10000 shuffles and 1 hands 

2024-12-02 20:07:30,938 - CARD - Player [[6][3]]
2024-12-02 20:07:30,938 - CARD - Dealer up card: [10]
2024-12-02 20:07:30,938 - CARD - Player hit decision is True with Player [[6][3]] and dealer up card [10]
2024-12-02 20:07:30,938 - CARD - Player hit decision is True with Player [[6][3][4]] and dealer up card [10]
2024-12-02 20:07:30,938 - CARD - Player hit decision is True with Player [[6][3][4][A]] and dealer up card [10]
2024-12-02 20:07:30,938 - CARD - Player hit decision is False with Player [[6][3][4][A][6]] and dealer up card [10]
2024-12-02 20:07:30,938 - CARD - Hand Complete. Result for player: WIN with Player [[6][3][4][A][6]] and Dealer [[10][9]]
2024-12-02 20:07:30,938 - CARD - Hands played: 1 PNL so far: 1
2024-12-02 20:07:30,938 - SUMMARY - END OF GAME ANALYSIS 

2024-12-02 20:07:30,939 - SUMMARY - 
2024-12-02 20:07:30,939 - SUMMARY - HAND STATISTICS BY PAIR TOTAL vs DEALER UP CARD
2024-12-02 20:07:30,939 - SUMMARY -      |     2       |     3       |     4       |     5       |     6       |     7       |     8       |     9       |     10      |     11     
2024-12-02 20:07:30,939 - SUMMARY -      | # Hands PNL | # Hands PNL | # Hands PNL | # Hands PNL | # Hands PNL | # Hands PNL | # Hands PNL | # Hands PNL | # Hands PNL | # Hands PNL
2024-12-02 20:07:30,939 - SUMMARY - -----|-------------|-------------|-------------|-------------|-------------|-------------|-------------|-------------|-------------|-------------
2024-12-02 20:07:30,939 - SUMMARY -   9: |       0   0 |       0   0 |       0   0 |       0   0 |       0   0 |       0   0 |       0   0 |       0   0 |       1   1 |       0   0
2024-12-02 20:07:30,939 - SUMMARY - 
2024-12-02 20:07:30,939 - SUMMARY - HAND STATISTICS BY COUNT
2024-12-02 20:07:30,939 - SUMMARY - Count | # Hands | PNL
2024-12-02 20:07:30,939 - SUMMARY - ------|---------|----
2024-12-02 20:07:30,939 - SUMMARY -     0 |       1 |   1
2024-12-02 20:07:30,939 - SUMMARY - 
2024-12-02 20:07:30,939 - SUMMARY - Simulation Complete. Played 1 hands. Final Pnl is +1 units
2024-12-02 20:07:30,939 - SUMMARY - Used strategy: basic-strategy
2024-12-02 20:09:08,656 - SUMMARY - Starting simulation using strateg: basic-strategy
2024-12-02 20:09:08,656 - SUMMARY - Game has 2 decks and cut card point is in range: [75, 80]
2024-12-02 20:09:08,656 - SUMMARY - Will play the minimum of 10000 shuffles and 1 hands 

2024-12-02 20:09:08,656 - CARD - Player [[6][7]]
2024-12-02 20:09:08,656 - CARD - Dealer up card: [8]
2024-12-02 20:09:08,656 - CARD - Player hit decision is True with Player [[6][7]] and dealer up card [8]
2024-12-02 20:09:08,656 - CARD - Player hit decision is False with Player [[6][7][Q]] and dealer up card [8]
2024-12-02 20:09:08,657 - CARD - Hand Complete. Result for player: LOSE with Player [[6][7][Q]] and Dealer [[8][3]]
2024-12-02 20:09:08,657 - CARD - Hands played: 1 PNL so far: -1
2024-12-02 20:09:08,657 - SUMMARY - END OF GAME ANALYSIS 

2024-12-02 20:09:08,657 - SUMMARY - 
2024-12-02 20:09:08,657 - SUMMARY - HAND STATISTICS BY PAIR TOTAL vs DEALER UP CARD
2024-12-02 20:09:08,657 - SUMMARY -      |     2       |     3       |     4       |     5       |     6       |     7       |     8       |     9       |     10      |     11     
2024-12-02 20:09:08,657 - SUMMARY -      | # Hands PNL | # Hands PNL | # Hands PNL | # Hands PNL | # Hands PNL | # Hands PNL | # Hands PNL | # Hands PNL | # Hands PNL | # Hands PNL
2024-12-02 20:09:08,657 - SUMMARY - -----|-------------|-------------|-------------|-------------|-------------|-------------|-------------|-------------|-------------|-------------
2024-12-02 20:09:08,657 - SUMMARY -  13: |       0   0 |       0   0 |       0   0 |       0   0 |       0   0 |       0   0 |       1  -1 |       0   0 |       0   0 |       0   0
2024-12-02 20:09:08,657 - SUMMARY - 
2024-12-02 20:09:08,657 - SUMMARY - HAND STATISTICS BY COUNT
2024-12-02 20:09:08,657 - SUMMARY - Count | # Hands | PNL
2024-12-02 20:09:08,657 - SUMMARY - ------|---------|----
2024-12-02 20:09:08,657 - SUMMARY -     0 |       1 |  -1
2024-12-02 20:09:08,657 - SUMMARY - 
2024-12-02 20:09:08,657 - SUMMARY - Simulation Complete. Played 1 hands. Final Pnl is -1 units
2024-12-02 20:09:08,657 - SUMMARY - Used strategy: basic-strategy
2024-12-02 20:09:49,969 - SUMMARY - Starting simulation using strateg: basic-strategy
2024-12-02 20:09:49,970 - SUMMARY - Game has 2 decks and cut card point is in range: [75, 80]
2024-12-02 20:09:49,970 - SUMMARY - Will play the minimum of 10000 shuffles and 1 hands 

2024-12-02 20:09:49,970 - CARD - Player [[J][A]]
2024-12-02 20:09:49,970 - CARD - Dealer up card: [J]
2024-12-02 20:09:49,970 - CARD - Hand Complete. Result for player: BLACKJACK_WIN with Player [[J][A]] and Dealer [[J][5]]
2024-12-02 20:09:49,970 - CARD - Hands played: 1 PNL so far: 1.5
2024-12-02 20:09:49,970 - SUMMARY - END OF GAME ANALYSIS 

2024-12-02 20:09:49,970 - SUMMARY - 
2024-12-02 20:09:49,970 - SUMMARY - HAND STATISTICS BY ACE, CARD vs DEALER UP CARD
2024-12-02 20:09:49,970 - SUMMARY -      |     2       |     3       |     4       |     5       |     6       |     7       |     8       |     9       |     10      |     11     
2024-12-02 20:09:49,970 - SUMMARY -      | # Hands PNL | # Hands PNL | # Hands PNL | # Hands PNL | # Hands PNL | # Hands PNL | # Hands PNL | # Hands PNL | # Hands PNL | # Hands PNL
2024-12-02 20:09:49,970 - SUMMARY - -----|-------------|-------------|-------------|-------------|-------------|-------------|-------------|-------------|-------------|-------------
2024-12-02 20:09:49,970 - SUMMARY - A,10: |       0   0 |       0   0 |       0   0 |       0   0 |       0   0 |       0   0 |       0   0 |       0   0 |       1 1.5 |       0   0
2024-12-02 20:09:49,970 - SUMMARY - 
2024-12-02 20:09:49,970 - SUMMARY - HAND STATISTICS BY COUNT
2024-12-02 20:09:49,970 - SUMMARY - Count | # Hands | PNL
2024-12-02 20:09:49,970 - SUMMARY - ------|---------|----
2024-12-02 20:09:49,970 - SUMMARY -     0 |       1 | 1.5
2024-12-02 20:09:49,970 - SUMMARY - 
2024-12-02 20:09:49,970 - SUMMARY - Simulation Complete. Played 1 hands. Final Pnl is +1.5 units
2024-12-02 20:09:49,970 - SUMMARY - Used strategy: basic-strategy
2024-12-02 20:09:59,218 - SUMMARY - Starting simulation using strateg: basic-strategy
2024-12-02 20:09:59,218 - SUMMARY - Game has 2 decks and cut card point is in range: [75, 80]
2024-12-02 20:09:59,219 - SUMMARY - Will play the minimum of 10000 shuffles and 1 hands 

2024-12-02 20:09:59,219 - CARD - Player [[5][9]]
2024-12-02 20:09:59,219 - CARD - Dealer up card: [3]
2024-12-02 20:09:59,219 - CARD - Player hit decision is False with Player [[5][9]] and dealer up card [3]
2024-12-02 20:09:59,219 - CARD - Hand Complete. Result for player: LOSE with Player [[5][9]] and Dealer [[3][10][4]]
2024-12-02 20:09:59,219 - CARD - Hands played: 1 PNL so far: -1
2024-12-02 20:09:59,219 - SUMMARY - END OF GAME ANALYSIS 

2024-12-02 20:09:59,219 - SUMMARY - 
2024-12-02 20:09:59,219 - SUMMARY - HAND STATISTICS BY PAIR TOTAL vs DEALER UP CARD
2024-12-02 20:09:59,219 - SUMMARY -      |     2       |     3       |     4       |     5       |     6       |     7       |     8       |     9       |     10      |     11     
2024-12-02 20:09:59,219 - SUMMARY -      | # Hands PNL | # Hands PNL | # Hands PNL | # Hands PNL | # Hands PNL | # Hands PNL | # Hands PNL | # Hands PNL | # Hands PNL | # Hands PNL
2024-12-02 20:09:59,219 - SUMMARY - -----|-------------|-------------|-------------|-------------|-------------|-------------|-------------|-------------|-------------|-------------
2024-12-02 20:09:59,219 - SUMMARY -  14: |       0   0 |       1  -1 |       0   0 |       0   0 |       0   0 |       0   0 |       0   0 |       0   0 |       0   0 |       0   0
2024-12-02 20:09:59,219 - SUMMARY - 
2024-12-02 20:09:59,219 - SUMMARY - HAND STATISTICS BY COUNT
2024-12-02 20:09:59,219 - SUMMARY - Count | # Hands | PNL
2024-12-02 20:09:59,219 - SUMMARY - ------|---------|----
2024-12-02 20:09:59,219 - SUMMARY -     0 |       1 |  -1
2024-12-02 20:09:59,219 - SUMMARY - 
2024-12-02 20:09:59,219 - SUMMARY - Simulation Complete. Played 1 hands. Final Pnl is -1 units
2024-12-02 20:09:59,219 - SUMMARY - Used strategy: basic-strategy
2024-12-02 20:10:21,367 - SUMMARY - Starting simulation using strateg: basic-strategy
2024-12-02 20:10:21,367 - SUMMARY - Game has 2 decks and cut card point is in range: [75, 80]
2024-12-02 20:10:21,367 - SUMMARY - Will play the minimum of 10000 shuffles and 1 hands 

2024-12-02 20:10:21,367 - CARD - Player [[A][A]]
2024-12-02 20:10:21,368 - CARD - Dealer up card: [3]
2024-12-02 20:10:21,368 - CARD - Player hit decision is True with Player [[A][2]] and dealer up card [3]
2024-12-02 20:10:21,368 - CARD - Player hit decision is True with Player [[A][4]] and dealer up card [3]
2024-12-02 20:10:21,368 - CARD - Hand Complete. Result for player: WIN with Player [[A][2][9]] and Dealer [[3][K][J]]
2024-12-02 20:10:21,368 - CARD - Hand Complete. Result for player: WIN with Player [[A][4][K]] and Dealer [[3][K][J]]
2024-12-02 20:10:21,368 - CARD - Hands played: 2 PNL so far: 1
2024-12-02 20:10:21,368 - SUMMARY - END OF GAME ANALYSIS 

2024-12-02 20:10:21,368 - SUMMARY - 
2024-12-02 20:10:21,368 - SUMMARY - HAND STATISTICS BY ACE, CARD vs DEALER UP CARD
2024-12-02 20:10:21,368 - SUMMARY -      |     2       |     3       |     4       |     5       |     6       |     7       |     8       |     9       |     10      |     11     
2024-12-02 20:10:21,368 - SUMMARY -      | # Hands PNL | # Hands PNL | # Hands PNL | # Hands PNL | # Hands PNL | # Hands PNL | # Hands PNL | # Hands PNL | # Hands PNL | # Hands PNL
2024-12-02 20:10:21,368 - SUMMARY - -----|-------------|-------------|-------------|-------------|-------------|-------------|-------------|-------------|-------------|-------------
2024-12-02 20:10:21,368 - SUMMARY - A,2: |       0   0 |       1   1 |       0   0 |       0   0 |       0   0 |       0   0 |       0   0 |       0   0 |       0   0 |       0   0
2024-12-02 20:10:21,368 - SUMMARY - A,3: |       0   0 |       0   0 |       0   0 |       0   0 |       0   0 |       0   0 |       0   0 |       0   0 |       0   0 |       0   0
2024-12-02 20:10:21,368 - SUMMARY - A,4: |       0   0 |       1   1 |       0   0 |       0   0 |       0   0 |       0   0 |       0   0 |       0   0 |       0   0 |       0   0
2024-12-02 20:10:21,368 - SUMMARY - 
2024-12-02 20:10:21,368 - SUMMARY - HAND STATISTICS BY COUNT
2024-12-02 20:10:21,368 - SUMMARY - Count | # Hands | PNL
2024-12-02 20:10:21,368 - SUMMARY - ------|---------|----
2024-12-02 20:10:21,368 - SUMMARY -     0 |       2 |   2
2024-12-02 20:10:21,368 - SUMMARY - 
2024-12-02 20:10:21,368 - SUMMARY - Simulation Complete. Played 2 hands. Final Pnl is +2 units
2024-12-02 20:10:21,368 - SUMMARY - Used strategy: basic-strategy
